2019-05-30 16:32:51,598 - root - INFO - Checking that TMDB Elasticsearch index is created
2019-05-30 16:32:51,603 - elasticsearch - INFO - HEAD http://elasticsearch:9200/tmdb [status:200 request:0.004s]
2019-05-30 16:32:51,606 - elasticsearch - INFO - GET http://elasticsearch:9200/tmdb/_count [status:200 request:0.003s]
2019-05-30 16:32:51,606 - root - INFO - Elasticsearch index has been created and indexed with data
2019-05-30 16:32:51,606 - root - INFO - Starting processing the index
2019-05-30 16:32:51,667 - elasticsearch - INFO - GET http://elasticsearch:9200/tmdb/_search?scroll=5m&size=1000 [status:200 request:0.052s]
2019-05-30 16:32:51,841 - elasticsearch - INFO - GET http://elasticsearch:9200/_search/scroll?scroll=5m&scroll_id=DXF1ZXJ5QW5kRmV0Y2gBAAAAAAAAABEWdm51bVh1WF9UMUcxMUFsRi1yZUY5UQ%3D%3D [status:200 request:0.053s]
2019-05-30 16:32:52,036 - elasticsearch - INFO - GET http://elasticsearch:9200/_search/scroll?scroll=5m&scroll_id=DXF1ZXJ5QW5kRmV0Y2gBAAAAAAAAABEWdm51bVh1WF9UMUcxMUFsRi1yZUY5UQ%3D%3D [status:200 request:0.048s]
2019-05-30 16:32:52,189 - elasticsearch - INFO - GET http://elasticsearch:9200/_search/scroll?scroll=5m&scroll_id=DXF1ZXJ5QW5kRmV0Y2gBAAAAAAAAABEWdm51bVh1WF9UMUcxMUFsRi1yZUY5UQ%3D%3D [status:200 request:0.046s]
2019-05-30 16:32:52,411 - elasticsearch - INFO - GET http://elasticsearch:9200/_search/scroll?scroll=5m&scroll_id=DXF1ZXJ5QW5kRmV0Y2gBAAAAAAAAABEWdm51bVh1WF9UMUcxMUFsRi1yZUY5UQ%3D%3D [status:200 request:0.048s]
2019-05-30 16:32:52,554 - elasticsearch - INFO - GET http://elasticsearch:9200/_search/scroll?scroll=5m&scroll_id=DXF1ZXJ5QW5kRmV0Y2gBAAAAAAAAABEWdm51bVh1WF9UMUcxMUFsRi1yZUY5UQ%3D%3D [status:200 request:0.037s]
2019-05-30 16:32:52,751 - elasticsearch - INFO - GET http://elasticsearch:9200/_search/scroll?scroll=5m&scroll_id=DXF1ZXJ5QW5kRmV0Y2gBAAAAAAAAABEWdm51bVh1WF9UMUcxMUFsRi1yZUY5UQ%3D%3D [status:200 request:0.043s]
2019-05-30 16:32:52,877 - elasticsearch - INFO - GET http://elasticsearch:9200/_search/scroll?scroll=5m&scroll_id=DXF1ZXJ5QW5kRmV0Y2gBAAAAAAAAABEWdm51bVh1WF9UMUcxMUFsRi1yZUY5UQ%3D%3D [status:200 request:0.039s]
2019-05-30 16:32:52,973 - elasticsearch - INFO - GET http://elasticsearch:9200/_search/scroll?scroll=5m&scroll_id=DXF1ZXJ5QW5kRmV0Y2gBAAAAAAAAABEWdm51bVh1WF9UMUcxMUFsRi1yZUY5UQ%3D%3D [status:200 request:0.032s]
2019-05-30 16:32:53,074 - elasticsearch - INFO - GET http://elasticsearch:9200/_search/scroll?scroll=5m&scroll_id=DXF1ZXJ5QW5kRmV0Y2gBAAAAAAAAABEWdm51bVh1WF9UMUcxMUFsRi1yZUY5UQ%3D%3D [status:200 request:0.036s]
2019-05-30 16:32:53,232 - elasticsearch - INFO - GET http://elasticsearch:9200/_search/scroll?scroll=5m&scroll_id=DXF1ZXJ5QW5kRmV0Y2gBAAAAAAAAABEWdm51bVh1WF9UMUcxMUFsRi1yZUY5UQ%3D%3D [status:200 request:0.030s]
2019-05-30 16:32:53,329 - elasticsearch - INFO - GET http://elasticsearch:9200/_search/scroll?scroll=5m&scroll_id=DXF1ZXJ5QW5kRmV0Y2gBAAAAAAAAABEWdm51bVh1WF9UMUcxMUFsRi1yZUY5UQ%3D%3D [status:200 request:0.031s]
2019-05-30 16:32:53,419 - elasticsearch - INFO - GET http://elasticsearch:9200/_search/scroll?scroll=5m&scroll_id=DXF1ZXJ5QW5kRmV0Y2gBAAAAAAAAABEWdm51bVh1WF9UMUcxMUFsRi1yZUY5UQ%3D%3D [status:200 request:0.028s]
2019-05-30 16:32:53,584 - elasticsearch - INFO - GET http://elasticsearch:9200/_search/scroll?scroll=5m&scroll_id=DXF1ZXJ5QW5kRmV0Y2gBAAAAAAAAABEWdm51bVh1WF9UMUcxMUFsRi1yZUY5UQ%3D%3D [status:200 request:0.033s]
2019-05-30 16:32:53,674 - elasticsearch - INFO - GET http://elasticsearch:9200/_search/scroll?scroll=5m&scroll_id=DXF1ZXJ5QW5kRmV0Y2gBAAAAAAAAABEWdm51bVh1WF9UMUcxMUFsRi1yZUY5UQ%3D%3D [status:200 request:0.028s]
2019-05-30 16:32:53,760 - elasticsearch - INFO - GET http://elasticsearch:9200/_search/scroll?scroll=5m&scroll_id=DXF1ZXJ5QW5kRmV0Y2gBAAAAAAAAABEWdm51bVh1WF9UMUcxMUFsRi1yZUY5UQ%3D%3D [status:200 request:0.027s]
2019-05-30 16:32:53,855 - elasticsearch - INFO - GET http://elasticsearch:9200/_search/scroll?scroll=5m&scroll_id=DXF1ZXJ5QW5kRmV0Y2gBAAAAAAAAABEWdm51bVh1WF9UMUcxMUFsRi1yZUY5UQ%3D%3D [status:200 request:0.030s]
2019-05-30 16:32:53,942 - elasticsearch - INFO - GET http://elasticsearch:9200/_search/scroll?scroll=5m&scroll_id=DXF1ZXJ5QW5kRmV0Y2gBAAAAAAAAABEWdm51bVh1WF9UMUcxMUFsRi1yZUY5UQ%3D%3D [status:200 request:0.026s]
2019-05-30 16:32:54,127 - elasticsearch - INFO - GET http://elasticsearch:9200/_search/scroll?scroll=5m&scroll_id=DXF1ZXJ5QW5kRmV0Y2gBAAAAAAAAABEWdm51bVh1WF9UMUcxMUFsRi1yZUY5UQ%3D%3D [status:200 request:0.031s]
2019-05-30 16:32:54,220 - elasticsearch - INFO - GET http://elasticsearch:9200/_search/scroll?scroll=5m&scroll_id=DXF1ZXJ5QW5kRmV0Y2gBAAAAAAAAABEWdm51bVh1WF9UMUcxMUFsRi1yZUY5UQ%3D%3D [status:200 request:0.029s]
2019-05-30 16:32:54,314 - elasticsearch - INFO - GET http://elasticsearch:9200/_search/scroll?scroll=5m&scroll_id=DXF1ZXJ5QW5kRmV0Y2gBAAAAAAAAABEWdm51bVh1WF9UMUcxMUFsRi1yZUY5UQ%3D%3D [status:200 request:0.029s]
2019-05-30 16:32:54,403 - elasticsearch - INFO - GET http://elasticsearch:9200/_search/scroll?scroll=5m&scroll_id=DXF1ZXJ5QW5kRmV0Y2gBAAAAAAAAABEWdm51bVh1WF9UMUcxMUFsRi1yZUY5UQ%3D%3D [status:200 request:0.028s]
2019-05-30 16:32:54,495 - elasticsearch - INFO - GET http://elasticsearch:9200/_search/scroll?scroll=5m&scroll_id=DXF1ZXJ5QW5kRmV0Y2gBAAAAAAAAABEWdm51bVh1WF9UMUcxMUFsRi1yZUY5UQ%3D%3D [status:200 request:0.028s]
2019-05-30 16:32:54,698 - elasticsearch - INFO - GET http://elasticsearch:9200/_search/scroll?scroll=5m&scroll_id=DXF1ZXJ5QW5kRmV0Y2gBAAAAAAAAABEWdm51bVh1WF9UMUcxMUFsRi1yZUY5UQ%3D%3D [status:200 request:0.030s]
2019-05-30 16:32:54,787 - elasticsearch - INFO - GET http://elasticsearch:9200/_search/scroll?scroll=5m&scroll_id=DXF1ZXJ5QW5kRmV0Y2gBAAAAAAAAABEWdm51bVh1WF9UMUcxMUFsRi1yZUY5UQ%3D%3D [status:200 request:0.027s]
2019-05-30 16:32:54,874 - elasticsearch - INFO - GET http://elasticsearch:9200/_search/scroll?scroll=5m&scroll_id=DXF1ZXJ5QW5kRmV0Y2gBAAAAAAAAABEWdm51bVh1WF9UMUcxMUFsRi1yZUY5UQ%3D%3D [status:200 request:0.029s]
2019-05-30 16:32:54,952 - elasticsearch - INFO - GET http://elasticsearch:9200/_search/scroll?scroll=5m&scroll_id=DXF1ZXJ5QW5kRmV0Y2gBAAAAAAAAABEWdm51bVh1WF9UMUcxMUFsRi1yZUY5UQ%3D%3D [status:200 request:0.025s]
2019-05-30 16:32:55,029 - elasticsearch - INFO - GET http://elasticsearch:9200/_search/scroll?scroll=5m&scroll_id=DXF1ZXJ5QW5kRmV0Y2gBAAAAAAAAABEWdm51bVh1WF9UMUcxMUFsRi1yZUY5UQ%3D%3D [status:200 request:0.025s]
2019-05-30 16:32:55,081 - elasticsearch - INFO - GET http://elasticsearch:9200/_search/scroll?scroll=5m&scroll_id=DXF1ZXJ5QW5kRmV0Y2gBAAAAAAAAABEWdm51bVh1WF9UMUcxMUFsRi1yZUY5UQ%3D%3D [status:200 request:0.002s]
2019-05-30 16:32:55,083 - elasticsearch - INFO - DELETE http://elasticsearch:9200/_search/scroll [status:200 request:0.001s]
2019-05-30 16:32:55,968 - elasticsearch - INFO - DELETE http://elasticsearch:9200/tmdb_preprocessed [status:200 request:0.049s]
2019-05-30 16:32:56,066 - elasticsearch - INFO - PUT http://elasticsearch:9200/tmdb_preprocessed [status:200 request:0.097s]
2019-05-30 16:32:56,211 - elasticsearch - INFO - POST http://elasticsearch:9200/_bulk [status:200 request:0.029s]
2019-05-30 16:32:56,354 - elasticsearch - INFO - POST http://elasticsearch:9200/_bulk [status:200 request:0.027s]
2019-05-30 16:32:56,484 - elasticsearch - INFO - POST http://elasticsearch:9200/_bulk [status:200 request:0.026s]
2019-05-30 16:32:56,615 - elasticsearch - INFO - POST http://elasticsearch:9200/_bulk [status:200 request:0.033s]
2019-05-30 16:32:56,756 - elasticsearch - INFO - POST http://elasticsearch:9200/_bulk [status:200 request:0.026s]
2019-05-30 16:32:56,897 - elasticsearch - INFO - POST http://elasticsearch:9200/_bulk [status:200 request:0.026s]
2019-05-30 16:32:57,023 - elasticsearch - INFO - POST http://elasticsearch:9200/_bulk [status:200 request:0.029s]
2019-05-30 16:32:57,202 - elasticsearch - INFO - POST http://elasticsearch:9200/_bulk [status:200 request:0.034s]
2019-05-30 16:32:57,360 - elasticsearch - INFO - POST http://elasticsearch:9200/_bulk [status:200 request:0.022s]
2019-05-30 16:32:57,498 - elasticsearch - INFO - POST http://elasticsearch:9200/_bulk [status:200 request:0.028s]
2019-05-30 16:32:57,635 - elasticsearch - INFO - POST http://elasticsearch:9200/_bulk [status:200 request:0.021s]
2019-05-30 16:32:57,870 - elasticsearch - INFO - POST http://elasticsearch:9200/_bulk [status:200 request:0.026s]
2019-05-30 16:32:58,061 - elasticsearch - INFO - POST http://elasticsearch:9200/_bulk [status:200 request:0.029s]
2019-05-30 16:32:58,225 - elasticsearch - INFO - POST http://elasticsearch:9200/_bulk [status:200 request:0.025s]
2019-05-30 16:32:58,369 - elasticsearch - INFO - POST http://elasticsearch:9200/_bulk [status:200 request:0.021s]
2019-05-30 16:32:58,498 - elasticsearch - INFO - POST http://elasticsearch:9200/_bulk [status:200 request:0.024s]
2019-05-30 16:32:58,636 - elasticsearch - INFO - POST http://elasticsearch:9200/_bulk [status:200 request:0.024s]
2019-05-30 16:32:58,766 - elasticsearch - INFO - POST http://elasticsearch:9200/_bulk [status:200 request:0.024s]
2019-05-30 16:32:58,907 - elasticsearch - INFO - POST http://elasticsearch:9200/_bulk [status:200 request:0.024s]
2019-05-30 16:32:59,031 - elasticsearch - INFO - POST http://elasticsearch:9200/_bulk [status:200 request:0.019s]
2019-05-30 16:32:59,155 - elasticsearch - INFO - POST http://elasticsearch:9200/_bulk [status:200 request:0.027s]
2019-05-30 16:32:59,280 - elasticsearch - INFO - POST http://elasticsearch:9200/_bulk [status:200 request:0.018s]
2019-05-30 16:32:59,408 - elasticsearch - INFO - POST http://elasticsearch:9200/_bulk [status:200 request:0.023s]
2019-05-30 16:32:59,534 - elasticsearch - INFO - POST http://elasticsearch:9200/_bulk [status:200 request:0.024s]
2019-05-30 16:32:59,658 - elasticsearch - INFO - POST http://elasticsearch:9200/_bulk [status:200 request:0.021s]
2019-05-30 16:32:59,790 - elasticsearch - INFO - POST http://elasticsearch:9200/_bulk [status:200 request:0.021s]
2019-05-30 16:32:59,908 - elasticsearch - INFO - POST http://elasticsearch:9200/_bulk [status:200 request:0.023s]
2019-05-30 16:33:00,027 - elasticsearch - INFO - POST http://elasticsearch:9200/_bulk [status:200 request:0.021s]
2019-05-30 16:33:00,150 - elasticsearch - INFO - POST http://elasticsearch:9200/_bulk [status:200 request:0.026s]
2019-05-30 16:33:00,271 - elasticsearch - INFO - POST http://elasticsearch:9200/_bulk [status:200 request:0.018s]
2019-05-30 16:33:00,387 - elasticsearch - INFO - POST http://elasticsearch:9200/_bulk [status:200 request:0.019s]
2019-05-30 16:33:00,529 - elasticsearch - INFO - POST http://elasticsearch:9200/_bulk [status:200 request:0.032s]
2019-05-30 16:33:00,672 - elasticsearch - INFO - POST http://elasticsearch:9200/_bulk [status:200 request:0.019s]
2019-05-30 16:33:00,801 - elasticsearch - INFO - POST http://elasticsearch:9200/_bulk [status:200 request:0.024s]
2019-05-30 16:33:00,923 - elasticsearch - INFO - POST http://elasticsearch:9200/_bulk [status:200 request:0.019s]
2019-05-30 16:33:01,043 - elasticsearch - INFO - POST http://elasticsearch:9200/_bulk [status:200 request:0.020s]
2019-05-30 16:33:01,165 - elasticsearch - INFO - POST http://elasticsearch:9200/_bulk [status:200 request:0.023s]
2019-05-30 16:33:01,297 - elasticsearch - INFO - POST http://elasticsearch:9200/_bulk [status:200 request:0.019s]
2019-05-30 16:33:01,425 - elasticsearch - INFO - POST http://elasticsearch:9200/_bulk [status:200 request:0.026s]
2019-05-30 16:33:01,561 - elasticsearch - INFO - POST http://elasticsearch:9200/_bulk [status:200 request:0.028s]
2019-05-30 16:33:01,707 - elasticsearch - INFO - POST http://elasticsearch:9200/_bulk [status:200 request:0.024s]
2019-05-30 16:33:01,837 - elasticsearch - INFO - POST http://elasticsearch:9200/_bulk [status:200 request:0.026s]
2019-05-30 16:33:01,974 - elasticsearch - INFO - POST http://elasticsearch:9200/_bulk [status:200 request:0.022s]
2019-05-30 16:33:02,098 - elasticsearch - INFO - POST http://elasticsearch:9200/_bulk [status:200 request:0.022s]
2019-05-30 16:33:02,225 - elasticsearch - INFO - POST http://elasticsearch:9200/_bulk [status:200 request:0.022s]
2019-05-30 16:33:02,359 - elasticsearch - INFO - POST http://elasticsearch:9200/_bulk [status:200 request:0.028s]
2019-05-30 16:33:02,494 - elasticsearch - INFO - POST http://elasticsearch:9200/_bulk [status:200 request:0.021s]
2019-05-30 16:33:02,625 - elasticsearch - INFO - POST http://elasticsearch:9200/_bulk [status:200 request:0.025s]
2019-05-30 16:33:02,755 - elasticsearch - INFO - POST http://elasticsearch:9200/_bulk [status:200 request:0.024s]
2019-05-30 16:33:02,886 - elasticsearch - INFO - POST http://elasticsearch:9200/_bulk [status:200 request:0.019s]
2019-05-30 16:33:03,009 - elasticsearch - INFO - POST http://elasticsearch:9200/_bulk [status:200 request:0.024s]
2019-05-30 16:33:03,139 - elasticsearch - INFO - POST http://elasticsearch:9200/_bulk [status:200 request:0.023s]
2019-05-30 16:33:03,269 - elasticsearch - INFO - POST http://elasticsearch:9200/_bulk [status:200 request:0.025s]
2019-05-30 16:33:03,404 - elasticsearch - INFO - POST http://elasticsearch:9200/_bulk [status:200 request:0.026s]
2019-05-30 16:33:03,536 - elasticsearch - INFO - POST http://elasticsearch:9200/_bulk [status:200 request:0.020s]
2019-05-30 16:33:03,588 - elasticsearch - INFO - POST http://elasticsearch:9200/_bulk [status:200 request:0.013s]
2019-05-30 16:33:03,592 - elasticsearch - INFO - GET http://elasticsearch:9200/tmdb_preprocessed/_count [status:200 request:0.002s]
2019-05-30 16:33:03,592 - root - INFO - Nombre de documents indexés dans Elasticsearch 24296
2019-05-30 16:33:03,592 - root - INFO - Shape du dataframe indexé (27659, 31)
2019-05-30 16:33:03,592 - root - WARNING - There is a difference of 3363 documents indexed in Elasticsearch from the pandas dataframe
2019-05-30 16:33:03,891 - root - INFO - Starting the NLP pipeline before indexing to ES
